# JRE version: OpenJDK Runtime Environment (11.0.10) (build 11.0.10+0-b96-7249189)
# Java VM: OpenJDK 64-Bit Server VM (11.0.10+0-b96-7249189, mixed mode, tiered, compressed oops, g1 gc, windows-amd64)
Heap:
 garbage-first heap   total 976896K, used 261699K [0x0000000080000000, 0x0000000100000000)
  region size 1024K, 2 young (2048K), 2 survivors (2048K)
 Metaspace       used 139460K, capacity 143602K, committed 144256K, reserved 1175552K
  class space    used 17299K, capacity 18809K, committed 19072K, reserved 1048576K
GC Heap History (20 events):
Event: 2975.940 GC heap after
{Heap after GC invocations=89 (full 0):
 garbage-first heap   total 231424K, used 190144K [0x0000000080000000, 0x0000000100000000)
  region size 1024K, 2 young (2048K), 2 survivors (2048K)
 Metaspace       used 138232K, capacity 142601K, committed 142848K, reserved 1173504K
  class space    used 17269K, capacity 18838K, committed 18944K, reserved 1048576K
}
Event: 2976.059 GC heap before
{Heap before GC invocations=89 (full 0):
 garbage-first heap   total 231424K, used 200384K [0x0000000080000000, 0x0000000100000000)
  region size 1024K, 12 young (12288K), 2 survivors (2048K)
 Metaspace       used 138584K, capacity 142942K, committed 143232K, reserved 1173504K
  class space    used 17365K, capacity 18953K, committed 19072K, reserved 1048576K
}
Event: 2976.077 GC heap after
{Heap after GC invocations=90 (full 0):
 garbage-first heap   total 231424K, used 194243K [0x0000000080000000, 0x0000000100000000)
  region size 1024K, 2 young (2048K), 2 survivors (2048K)
 Metaspace       used 138584K, capacity 142942K, committed 143232K, reserved 1173504K
  class space    used 17365K, capacity 18953K, committed 19072K, reserved 1048576K
}
Event: 2976.210 GC heap before
{Heap before GC invocations=90 (full 0):
 garbage-first heap   total 231424K, used 203459K [0x0000000080000000, 0x0000000100000000)
  region size 1024K, 11 young (11264K), 2 survivors (2048K)
 Metaspace       used 138796K, capacity 143168K, committed 143488K, reserved 1173504K
  class space    used 17369K, capacity 18958K, committed 19072K, reserved 1048576K
}
Event: 2976.228 GC heap after
{Heap after GC invocations=91 (full 0):
 garbage-first heap   total 278528K, used 198188K [0x0000000080000000, 0x0000000100000000)
  region size 1024K, 2 young (2048K), 2 survivors (2048K)
 Metaspace       used 138796K, capacity 143168K, committed 143488K, reserved 1173504K
  class space    used 17369K, capacity 18958K, committed 19072K, reserved 1048576K
}
Event: 2976.852 GC heap before
{Heap before GC invocations=92 (full 0):
 garbage-first heap   total 278528K, used 219692K [0x0000000080000000, 0x0000000100000000)
  region size 1024K, 32 young (32768K), 2 survivors (2048K)
 Metaspace       used 138515K, capacity 142660K, committed 143488K, reserved 1173504K
  class space    used 17250K, capacity 18743K, committed 19072K, reserved 1048576K
}
Event: 2976.942 GC heap after
{Heap after GC invocations=93 (full 0):
 garbage-first heap   total 278528K, used 205658K [0x0000000080000000, 0x0000000100000000)
  region size 1024K, 4 young (4096K), 4 survivors (4096K)
 Metaspace       used 138515K, capacity 142660K, committed 143488K, reserved 1173504K
  class space    used 17250K, capacity 18743K, committed 19072K, reserved 1048576K
}
Event: 2977.042 GC heap before
{Heap before GC invocations=93 (full 0):
 garbage-first heap   total 278528K, used 214874K [0x0000000080000000, 0x0000000100000000)
  region size 1024K, 13 young (13312K), 4 survivors (4096K)
 Metaspace       used 138516K, capacity 142661K, committed 143488K, reserved 1173504K
  class space    used 17250K, capacity 18743K, committed 19072K, reserved 1048576K
}
Event: 2977.079 GC heap after
{Heap after GC invocations=94 (full 0):
 garbage-first heap   total 278528K, used 189440K [0x0000000080000000, 0x0000000100000000)
  region size 1024K, 2 young (2048K), 2 survivors (2048K)
 Metaspace       used 138516K, capacity 142661K, committed 143488K, reserved 1173504K
  class space    used 17250K, capacity 18743K, committed 19072K, reserved 1048576K
}
Event: 2977.248 GC heap before
{Heap before GC invocations=94 (full 0):
 garbage-first heap   total 278528K, used 219136K [0x0000000080000000, 0x0000000100000000)
  region size 1024K, 32 young (32768K), 2 survivors (2048K)
 Metaspace       used 138803K, capacity 142979K, committed 143744K, reserved 1173504K
  class space    used 17276K, capacity 18780K, committed 19072K, reserved 1048576K
}
Event: 2977.318 GC heap after
{Heap after GC invocations=95 (full 0):
 garbage-first heap   total 278528K, used 204800K [0x0000000080000000, 0x0000000100000000)
  region size 1024K, 4 young (4096K), 4 survivors (4096K)
 Metaspace       used 138803K, capacity 142979K, committed 143744K, reserved 1173504K
  class space    used 17276K, capacity 18780K, committed 19072K, reserved 1048576K
}
Event: 2977.589 GC heap before
{Heap before GC invocations=95 (full 0):
 garbage-first heap   total 278528K, used 226304K [0x0000000080000000, 0x0000000100000000)
  region size 1024K, 25 young (25600K), 4 survivors (4096K)
 Metaspace       used 139000K, capacity 143204K, committed 144000K, reserved 1173504K
  class space    used 17297K, capacity 18789K, committed 19072K, reserved 1048576K
}
Event: 2977.676 GC heap after
{Heap after GC invocations=96 (full 0):
 garbage-first heap   total 591872K, used 210496K [0x0000000080000000, 0x0000000100000000)
  region size 1024K, 4 young (4096K), 4 survivors (4096K)
 Metaspace       used 139000K, capacity 143204K, committed 144000K, reserved 1173504K
  class space    used 17297K, capacity 18789K, committed 19072K, reserved 1048576K
}
Event: 2979.311 GC heap before
{Heap before GC invocations=97 (full 0):
 garbage-first heap   total 591872K, used 299584K [0x0000000080000000, 0x0000000100000000)
  region size 1024K, 85 young (87040K), 4 survivors (4096K)
 Metaspace       used 139203K, capacity 143346K, committed 144000K, reserved 1173504K
  class space    used 17296K, capacity 18804K, committed 19072K, reserved 1048576K
}
Event: 2979.363 GC heap after
{Heap after GC invocations=98 (full 0):
 garbage-first heap   total 591872K, used 223808K [0x0000000080000000, 0x0000000100000000)
  region size 1024K, 11 young (11264K), 11 survivors (11264K)
 Metaspace       used 139203K, capacity 143346K, committed 144000K, reserved 1173504K
  class space    used 17296K, capacity 18804K, committed 19072K, reserved 1048576K
}
Event: 2980.735 GC heap before
{Heap before GC invocations=98 (full 0):
 garbage-first heap   total 591872K, used 337472K [0x0000000080000000, 0x0000000100000000)
  region size 1024K, 107 young (109568K), 11 survivors (11264K)
 Metaspace       used 139291K, capacity 143434K, committed 144000K, reserved 1173504K
  class space    used 17299K, capacity 18809K, committed 19072K, reserved 1048576K
}
Event: 2980.812 GC heap after
{Heap after GC invocations=99 (full 0):
 garbage-first heap   total 591872K, used 250816K [0x0000000080000000, 0x0000000100000000)
  region size 1024K, 14 young (14336K), 14 survivors (14336K)
 Metaspace       used 139291K, capacity 143434K, committed 144000K, reserved 1173504K
  class space    used 17299K, capacity 18809K, committed 19072K, reserved 1048576K
}
Event: 2980.942 GC heap before
{Heap before GC invocations=99 (full 0):
 garbage-first heap   total 591872K, used 250816K [0x0000000080000000, 0x0000000100000000)
  region size 1024K, 15 young (15360K), 14 survivors (14336K)
 Metaspace       used 139356K, capacity 143524K, committed 144256K, reserved 1175552K
  class space    used 17299K, capacity 18809K, committed 19072K, reserved 1048576K
}
Event: 2981.026 GC heap after
{Heap after GC invocations=100 (full 0):
 garbage-first heap   total 591872K, used 252082K [0x0000000080000000, 0x0000000100000000)
  region size 1024K, 10 young (10240K), 10 survivors (10240K)
 Metaspace       used 139356K, capacity 143524K, committed 144256K, reserved 1175552K
  class space    used 17299K, capacity 18809K, committed 19072K, reserved 1048576K
}
Event: 2981.933 GC heap before
{Heap before GC invocations=100 (full 0):
 garbage-first heap   total 591872K, used 322738K [0x0000000080000000, 0x0000000100000000)
  region size 1024K, 71 young (72704K), 10 survivors (10240K)
 Metaspace       used 139460K, capacity 143602K, committed 144256K, reserved 1175552K
  class space    used 17299K, capacity 18809K, committed 19072K, reserved 1048576K
}

